2022-03-08 00:10:01
work is not run
2022-03-08 00:10:01
email is not run
2022-03-08 00:10:01
2022-03-08 00:10:01
2022-03-08 00:10:01
2022-03-08 00:10:01
2022-03-08 00:10:01
2022-03-08 00:10:01
2022-03-08 00:10:01
2022-03-08 00:10:01
2022-03-08 00:12:27
work is not run
2022-03-08 00:12:27
email is not run
2022-03-08 00:12:27
2022-03-08 00:12:27
2022-03-08 00:12:27
2022-03-08 00:12:27
2022-03-08 00:12:27
2022-03-08 00:12:27
2022-03-08 00:12:27
2022-03-08 00:12:27
2022-03-08 00:13:55
work is not run
2022-03-08 00:13:55
email is not run
2022-03-08 00:13:55
2022-03-08 00:13:55
2022-03-08 00:13:55
2022-03-08 00:13:55
2022-03-08 00:13:55
2022-03-08 00:13:55
2022-03-08 00:13:55
2022-03-08 00:13:55
2022-03-15 16:00:01
work is not run
2022-03-15 16:00:01
email is not run
2022-03-15 16:00:01
2022-03-15 16:00:01
2022-03-15 16:00:01
2022-03-15 16:00:01
2022-03-15 16:00:01
2022-03-15 16:00:01
2022-03-15 16:00:01
2022-03-15 16:00:01
2022-03-15 19:51:03
webmsgsender is not run
2022-03-15 19:51:03
work is not run
2022-03-15 19:51:03
email is not run
2022-03-15 19:51:03
2022-03-15 19:51:03
2022-03-15 19:51:03
2022-03-15 19:51:03
2022-03-15 19:51:03
2022-03-15 19:51:03
2022-03-15 19:51:03
2022-03-15 19:51:03
2022-03-15 20:03:30
work is not run
2022-03-15 20:03:30
email is not run
2022-03-15 20:03:30
2022-03-15 20:03:30
2022-03-15 20:03:30
2022-03-15 20:03:30
2022-03-15 20:03:30
2022-03-15 20:03:30
2022-03-15 20:03:30
2022-03-15 20:03:30
2022-03-16 21:07:27
work is not run
2022-03-16 21:07:27
email is not run
2022-03-16 21:07:27
2022-03-16 21:07:27
2022-03-16 21:07:27
2022-03-16 21:07:27
2022-03-16 21:07:27
2022-03-16 21:07:27
2022-03-16 21:07:27
2022-03-16 21:07:27
2022-03-23 01:44:27
work is not run
2022-03-23 01:44:27
email is not run
2022-03-23 01:44:27
2022-03-23 01:44:27
2022-03-23 01:44:27
2022-03-23 01:44:27
2022-03-23 01:44:27
2022-03-23 01:44:27
2022-03-23 01:44:27
2022-03-23 01:44:27
2022-03-23 01:52:44
work is not run
2022-03-23 01:52:44
email is not run
2022-03-23 01:52:44
get_kline_data_daily is  running..
2022-03-23 01:52:44
get_kline_data_monthly is  running..
2022-03-23 01:52:44
get_kline_data_fivemin is  running..
2022-03-23 01:52:44
get_kline_data_weekly is  running..
2022-03-23 01:52:44
get_kline_data_fifteenmin is  running..
2022-03-23 01:52:44
get_kline_data_thirtymin is  running..
2022-03-23 01:52:44
get_kline_data_hourly is  running..
2022-03-23 01:52:44
micro_order is  running..
2022-04-01 15:02:25
work is not run
2022-04-01 15:02:25
email is not run
2022-04-01 15:02:25
2022-04-01 15:02:25
2022-04-01 15:02:25
2022-04-01 15:02:25
2022-04-01 15:02:25
2022-04-01 15:02:25
2022-04-01 15:02:25
2022-04-01 15:02:25
2022-04-08 11:09:47
micro_send is  running..
2022-04-14 05:35:01
email is not run
2022-04-14 05:35:01
get_kline_data_daily is  running..
2022-04-14 05:35:01
get_kline_data_monthly is  running..
2022-04-14 05:35:01
get_kline_data_fivemin is  running..
2022-04-14 05:35:01
get_kline_data_weekly is  running..
2022-04-14 05:35:01
get_kline_data_fifteenmin is  running..
2022-04-14 05:35:01
get_kline_data_thirtymin is  running..
2022-04-14 05:35:01
get_kline_data_hourly is  running..
2022-04-14 05:35:01
micro_order is  running..
2022-04-15 13:56:04
work is not run
2022-04-15 13:56:04
email is not run
2022-04-15 13:56:04
2022-04-15 13:56:04
2022-04-15 13:56:04
2022-04-15 13:56:04
2022-04-15 13:56:04
2022-04-15 13:56:04
2022-04-15 13:56:04
2022-04-15 13:56:04
2022-05-23 19:05:01
user_ip is  running..
2022-06-09 00:25:01
work is not run
2022-06-09 00:25:01
email is not run
2022-06-09 00:25:01
2022-06-09 00:25:01
2022-06-09 00:25:01
2022-06-09 00:25:01
2022-06-09 00:25:01
2022-06-09 00:25:01
2022-06-09 00:25:01
2022-06-09 00:25:01
2022-06-09 00:25:01
2022-06-09 00:30:02
2022-06-09 00:35:01
2022-06-10 19:20:01
work is not run
2022-06-10 19:20:01
email is not run
2022-06-10 19:20:01
2022-06-10 19:20:01
2022-06-10 19:20:01
2022-06-10 19:20:01
2022-06-10 19:20:01
2022-06-10 19:20:01
2022-06-10 19:20:01
2022-06-10 19:20:01
2022-06-10 19:20:01
2022-06-10 19:25:01
2022-06-10 19:30:01
2022-06-10 19:35:01
2022-06-10 19:40:01
2022-06-10 19:45:01
2022-06-10 19:50:01
2022-06-10 19:55:01
2022-06-10 20:00:01
2022-06-10 20:05:01
2022-06-10 20:10:01
2022-06-10 20:15:01
2022-06-10 20:20:01
2022-06-10 20:25:01
2022-06-10 22:21:03
webmsgsender is not run
2022-06-10 22:21:03
work is not run
2022-06-10 22:21:03
email is not run
2022-06-10 22:21:03
2022-06-10 22:21:03
2022-06-10 22:21:03
2022-06-10 22:21:03
2022-06-10 22:21:03
2022-06-10 22:21:03
2022-06-10 22:21:03
2022-06-10 22:21:03
2022-06-10 22:21:03
2022-06-10 22:46:33
work is not run
2022-06-10 22:46:33
email is not run
2022-06-10 22:46:33
2022-06-10 22:46:33
2022-06-10 22:46:33
2022-06-10 22:46:33
2022-06-10 22:46:33
2022-06-10 22:46:33
2022-06-10 22:46:33
2022-06-10 22:46:33
2022-06-10 22:46:33
2022-06-11 01:19:27
work is not run
2022-06-11 01:19:27
email is not run
2022-06-11 01:19:27
2022-06-11 01:19:27
2022-06-11 01:19:27
2022-06-11 01:19:27
2022-06-11 01:19:27
2022-06-11 01:19:27
2022-06-11 01:19:27
2022-06-11 01:19:27
2022-06-11 01:19:27
user_ip is  running..
2022-06-11 17:03:14
work is not run
2022-06-11 17:03:14
email is not run
2022-06-11 17:03:14
2022-06-11 17:03:14
2022-06-11 17:03:14
2022-06-11 17:03:14
2022-06-11 17:03:14
2022-06-11 17:03:14
2022-06-11 17:03:14
2022-06-11 17:03:14
2022-06-11 17:03:14
user_ip is  running..
2022-06-15 15:09:26
work is not run
2022-06-15 15:09:26
email is not run
2022-06-15 15:09:26
2022-06-15 15:09:26
2022-06-15 15:09:26
2022-06-15 15:09:26
2022-06-15 15:09:26
2022-06-15 15:09:26
2022-06-15 15:09:26
2022-06-15 15:09:26
2022-06-15 15:09:26
user_ip is  running..
2022-06-15 15:35:01
2022-06-15 15:35:01
2022-06-15 15:35:01
2022-06-15 15:35:01
2022-06-15 15:35:01
2022-06-15 15:35:01
2022-06-15 15:35:01
2022-06-15 15:35:01
user_ip is  running..
2022-06-15 15:35:13
work is not run
2022-06-15 15:35:13
email is not run
2022-06-15 15:35:13
get_kline_data_daily is  running..
2022-06-15 15:35:13
get_kline_data_monthly is  running..
2022-06-15 15:35:13
get_kline_data_fivemin is  running..
2022-06-15 15:35:13
get_kline_data_weekly is  running..
2022-06-15 15:35:13
get_kline_data_fifteenmin is  running..
2022-06-15 15:35:13
get_kline_data_thirtymin is  running..
2022-06-15 15:35:13
get_kline_data_hourly is  running..
2022-06-15 15:35:13
micro_order is  running..
2022-06-15 15:35:13
user_ip is  running..
2022-06-15 15:40:01
work is not run
2022-06-15 15:40:01
email is not run
2022-06-15 15:40:01
2022-06-15 15:40:01
2022-06-15 15:40:01
2022-06-15 15:40:01
2022-06-15 15:40:01
2022-06-15 15:40:01
2022-06-15 15:40:01
2022-06-15 15:40:01
micro_order is  running..
2022-06-15 15:40:01
user_ip is  running..
2022-06-15 15:40:11
user_ip is  running..
2022-06-15 15:40:59
work is not run
2022-06-15 15:40:59
email is not run
2022-06-15 15:40:59
2022-06-15 15:40:59
2022-06-15 15:40:59
2022-06-15 15:40:59
2022-06-15 15:40:59
2022-06-15 15:40:59
2022-06-15 15:40:59
2022-06-15 15:40:59
2022-06-15 15:40:59
user_ip is  running..
2022-06-15 16:37:22
work is not run
2022-06-15 16:37:22
email is not run
2022-06-15 16:37:22
2022-06-15 16:37:22
2022-06-15 16:37:22
2022-06-15 16:37:22
2022-06-15 16:37:22
2022-06-15 16:37:22
2022-06-15 16:37:22
2022-06-15 16:37:22
2022-06-15 16:37:22
user_ip is  running..
2022-06-15 16:50:39
work is not run
2022-06-15 16:50:39
email is not run
2022-06-15 16:50:39
2022-06-15 16:50:39
2022-06-15 16:50:39
2022-06-15 16:50:39
2022-06-15 16:50:39
2022-06-15 16:50:39
2022-06-15 16:50:39
2022-06-15 16:50:39
2022-06-15 16:50:39
user_ip is  running..
2022-06-15 17:00:48
work is not run
2022-06-15 17:00:48
email is not run
2022-06-15 17:00:48
2022-06-15 17:00:48
2022-06-15 17:00:48
2022-06-15 17:00:48
2022-06-15 17:00:48
2022-06-15 17:00:48
2022-06-15 17:00:48
2022-06-15 17:00:48
2022-06-15 17:00:48
user_ip is  running..
2022-06-15 17:15:38
work is not run
2022-06-15 17:15:38
email is not run
2022-06-15 17:15:38
2022-06-15 17:15:38
2022-06-15 17:15:38
2022-06-15 17:15:38
2022-06-15 17:15:38
2022-06-15 17:15:38
2022-06-15 17:15:38
2022-06-15 17:15:38
2022-06-15 17:15:38
user_ip is  running..
2022-06-15 20:34:39
get_kline_data_daily is  running..
2022-06-15 20:34:39
get_kline_data_monthly is  running..
2022-06-15 20:34:39
get_kline_data_fivemin is  running..
2022-06-15 20:34:39
get_kline_data_weekly is  running..
2022-06-15 20:34:39
get_kline_data_fifteenmin is  running..
2022-06-15 20:34:39
get_kline_data_thirtymin is  running..
2022-06-15 20:34:39
get_kline_data_hourly is  running..
2022-06-15 20:34:39
micro_order is  running..
2022-06-15 20:34:39
user_ip is  running..
2022-06-15 22:12:43
work is not run
2022-06-15 22:12:43
email is not run
2022-06-15 22:12:43
2022-06-15 22:12:43
2022-06-15 22:12:43
2022-06-15 22:12:43
2022-06-15 22:12:43
2022-06-15 22:12:43
2022-06-15 22:12:43
2022-06-15 22:12:43
2022-06-15 22:12:43
user_ip is  running..
2022-06-15 22:37:03
work is not run
2022-06-15 22:37:03
email is not run
2022-06-15 22:37:03
2022-06-15 22:37:03
2022-06-15 22:37:03
2022-06-15 22:37:03
2022-06-15 22:37:03
2022-06-15 22:37:03
2022-06-15 22:37:03
2022-06-15 22:37:03
2022-06-15 22:37:03
user_ip is  running..
2022-06-20 07:36:54
work is not run
2022-06-20 07:36:54
email is not run
2022-06-20 07:36:54
get_kline_data_daily is  running..
2022-06-20 07:36:54
get_kline_data_monthly is  running..
2022-06-20 07:36:54
get_kline_data_fivemin is  running..
2022-06-20 07:36:54
get_kline_data_weekly is  running..
2022-06-20 07:36:54
get_kline_data_fifteenmin is  running..
2022-06-20 07:36:54
get_kline_data_thirtymin is  running..
2022-06-20 07:36:54
get_kline_data_hourly is  running..
2022-06-20 07:36:54
micro_order is  running..
2022-06-20 07:36:54
user_ip is  running..
2022-06-20 07:38:48
work is not run
2022-06-20 07:38:48
email is not run
2022-06-20 07:38:48
get_kline_data_daily is  running..
2022-06-20 07:38:48
get_kline_data_monthly is  running..
2022-06-20 07:38:48
get_kline_data_fivemin is  running..
2022-06-20 07:38:48
get_kline_data_weekly is  running..
2022-06-20 07:38:48
get_kline_data_fifteenmin is  running..
2022-06-20 07:38:48
get_kline_data_thirtymin is  running..
2022-06-20 07:38:48
get_kline_data_hourly is  running..
2022-06-20 07:38:48
micro_order is  running..
2022-06-20 07:38:48
user_ip is  running..
2022-06-20 09:38:37
work is not run
2022-06-20 09:38:37
email is not run
2022-06-20 09:38:37
get_kline_data_daily is  running..
2022-06-20 09:38:37
get_kline_data_monthly is  running..
2022-06-20 09:38:37
get_kline_data_fivemin is  running..
2022-06-20 09:38:37
get_kline_data_weekly is  running..
2022-06-20 09:38:37
get_kline_data_fifteenmin is  running..
2022-06-20 09:38:37
get_kline_data_thirtymin is  running..
2022-06-20 09:38:37
get_kline_data_hourly is  running..
2022-06-20 09:38:37
micro_order is  running..
2022-06-20 09:38:37
user_ip is  running..
2022-06-20 10:01:57
work is not run
2022-06-20 10:01:57
email is not run
2022-06-20 10:01:57
get_kline_data_daily is  running..
2022-06-20 10:01:57
get_kline_data_monthly is  running..
2022-06-20 10:01:57
get_kline_data_fivemin is  running..
2022-06-20 10:01:57
get_kline_data_weekly is  running..
2022-06-20 10:01:57
get_kline_data_fifteenmin is  running..
2022-06-20 10:01:57
get_kline_data_thirtymin is  running..
2022-06-20 10:01:57
get_kline_data_hourly is  running..
2022-06-20 10:01:57
micro_order is  running..
2022-06-20 10:01:57
user_ip is  running..
2022-06-20 16:55:27
work is not run
2022-06-20 16:55:27
email is not run
2022-06-20 16:55:27
get_kline_data_daily is  running..
2022-06-20 16:55:27
get_kline_data_monthly is  running..
2022-06-20 16:55:27
get_kline_data_fivemin is  running..
2022-06-20 16:55:27
get_kline_data_weekly is  running..
2022-06-20 16:55:27
get_kline_data_fifteenmin is  running..
2022-06-20 16:55:27
get_kline_data_thirtymin is  running..
2022-06-20 16:55:27
get_kline_data_hourly is  running..
2022-06-20 16:55:27
micro_order is  running..
2022-06-20 16:55:27
user_ip is  running..
2022-06-20 16:58:47
work is not run
2022-06-20 16:58:47
email is not run
2022-06-20 16:58:47
get_kline_data_daily is  running..
2022-06-20 16:58:47
get_kline_data_monthly is  running..
2022-06-20 16:58:47
get_kline_data_fivemin is  running..
2022-06-20 16:58:47
get_kline_data_weekly is  running..
2022-06-20 16:58:47
get_kline_data_fifteenmin is  running..
2022-06-20 16:58:47
get_kline_data_thirtymin is  running..
2022-06-20 16:58:47
get_kline_data_hourly is  running..
2022-06-20 16:58:47
micro_order is  running..
2022-06-20 16:58:47
user_ip is  running..
2022-06-20 17:03:11
work is not run
2022-06-20 17:03:11
email is not run
2022-06-20 17:03:11
get_kline_data_daily is  running..
2022-06-20 17:03:11
get_kline_data_monthly is  running..
2022-06-20 17:03:11
get_kline_data_fivemin is  running..
2022-06-20 17:03:11
get_kline_data_weekly is  running..
2022-06-20 17:03:11
get_kline_data_fifteenmin is  running..
2022-06-20 17:03:11
get_kline_data_thirtymin is  running..
2022-06-20 17:03:11
get_kline_data_hourly is  running..
2022-06-20 17:03:11
micro_order is  running..
2022-06-20 17:03:11
user_ip is  running..
2022-06-20 17:09:44
work is not run
2022-06-20 17:09:44
email is not run
2022-06-20 17:09:44
get_kline_data_daily is  running..
2022-06-20 17:09:44
get_kline_data_monthly is  running..
2022-06-20 17:09:44
get_kline_data_fivemin is  running..
2022-06-20 17:09:44
get_kline_data_weekly is  running..
2022-06-20 17:09:44
get_kline_data_fifteenmin is  running..
2022-06-20 17:09:44
get_kline_data_thirtymin is  running..
2022-06-20 17:09:44
get_kline_data_hourly is  running..
2022-06-20 17:09:44
micro_order is  running..
2022-06-20 17:09:44
user_ip is  running..
2022-06-20 17:13:50
work is not run
2022-06-20 17:13:50
email is not run
2022-06-20 17:13:50
get_kline_data_daily is  running..
2022-06-20 17:13:50
get_kline_data_monthly is  running..
2022-06-20 17:13:50
get_kline_data_fivemin is  running..
2022-06-20 17:13:50
get_kline_data_weekly is  running..
2022-06-20 17:13:50
get_kline_data_fifteenmin is  running..
2022-06-20 17:13:50
get_kline_data_thirtymin is  running..
2022-06-20 17:13:50
get_kline_data_hourly is  running..
2022-06-20 17:13:50
micro_order is  running..
2022-06-20 17:13:50
user_ip is  running..
2022-07-11 15:52:50
work is not run
2022-07-11 15:52:50
email is not run
2022-07-11 15:52:50
get_kline_data_daily is  running..
2022-07-11 15:52:50
get_kline_data_monthly is  running..
2022-07-11 15:52:50
get_kline_data_fivemin is  running..
2022-07-11 15:52:50
get_kline_data_weekly is  running..
2022-07-11 15:52:50
get_kline_data_fifteenmin is  running..
2022-07-11 15:52:50
get_kline_data_thirtymin is  running..
2022-07-11 15:52:50
get_kline_data_hourly is  running..
2022-07-11 15:52:50
micro_order is  running..
2022-07-11 15:52:50
user_ip is  running..
2022-07-19 02:59:49
work is not run
2022-07-19 02:59:49
email is not run
2022-07-19 02:59:49
get_kline_data_daily is  running..
2022-07-19 02:59:49
get_kline_data_monthly is  running..
2022-07-19 02:59:49
get_kline_data_fivemin is  running..
2022-07-19 02:59:49
get_kline_data_weekly is  running..
2022-07-19 02:59:49
get_kline_data_fifteenmin is  running..
2022-07-19 02:59:49
get_kline_data_thirtymin is  running..
2022-07-19 02:59:49
get_kline_data_hourly is  running..
2022-07-19 02:59:49
micro_order is  running..
2022-07-19 02:59:49
user_ip is  running..
2022-07-30 00:58:29
work is not run
2022-07-30 00:58:29
email is not run
2022-07-30 00:58:29
get_kline_data_daily is  running..
2022-07-30 00:58:29
get_kline_data_monthly is  running..
2022-07-30 00:58:29
get_kline_data_fivemin is  running..
2022-07-30 00:58:29
get_kline_data_weekly is  running..
2022-07-30 00:58:29
get_kline_data_fifteenmin is  running..
2022-07-30 00:58:29
get_kline_data_thirtymin is  running..
2022-07-30 00:58:29
get_kline_data_hourly is  running..
2022-07-30 00:58:29
micro_order is  running..
2022-07-30 00:58:29
user_ip is  running..
2022-08-16 23:15:01
work is not run
2022-08-16 23:15:01
email is not run
2022-08-16 23:15:01
2022-08-16 23:15:01
get_kline_data_monthly is  running..
2022-08-16 23:15:01
2022-08-16 23:15:06
get_kline_data_fivemin is  running..
2022-08-16 23:15:06
2022-08-16 23:15:01
get_kline_data_weekly is  running..
2022-08-16 23:15:01
2022-08-16 23:15:06
get_kline_data_fifteenmin is  running..
2022-08-16 23:15:06
2022-08-16 23:15:01
get_kline_data_thirtymin is  running..
2022-08-16 23:15:01
2022-08-16 23:15:06
get_kline_data_hourly is  running..
2022-08-16 23:15:06
2022-08-16 23:15:01
micro_order is  running..
2022-08-16 23:15:01
user_ip is  running..
2022-08-16 23:15:06
user_ip is  running..
2022-09-15 15:50:01
work is not run
2022-09-15 15:50:01
email is not run
2022-09-15 15:50:01
2022-09-15 15:50:01
2022-09-15 15:50:01
2022-09-15 15:50:01
2022-09-15 15:50:01
2022-09-15 15:50:01
2022-09-15 15:50:01
2022-09-15 15:50:01
2022-09-15 15:50:01
2022-09-15 15:53:59
work is not run
2022-09-15 15:53:59
email is not run
2022-09-15 15:53:59
2022-09-15 15:53:59
2022-09-15 15:53:59
2022-09-15 15:53:59
2022-09-15 15:53:59
2022-09-15 15:53:59
2022-09-15 15:53:59
2022-09-15 15:53:59
2022-09-15 15:53:59
